> (command) -n telemetry-mars-production
Name:                   beacon-listener
Namespace:              telemetry-mars-production
CreationTimestamp:      Sat, 18 Jun 2022 16:57:25 +0000
Labels:                 app=beacon-listener
                        kustomize.toolkit.fluxcd.io/name=gsc-telemetry-mars-production
                        kustomize.toolkit.fluxcd.io/namespace=flux-system
Annotations:            deployment.kubernetes.io/revision: 7
                        field.cattle.io/publicEndpoints:
                          [{"addresses":["10.50.5.157"],"port":30100,"protocol":"UDP","serviceName":"telemetry-mars-production:beacon-listener","allNodes":true},{...
Selector:               app=beacon-listener
Replicas:               1 desired | 1 updated | 1 total | 1 available | 0 unavailable
StrategyType:           RollingUpdate
MinReadySeconds:        0
RollingUpdateStrategy:  25% max unavailable, 25% max surge
Pod Template:
  Labels:           app=beacon-listener
  Annotations:      ad.datadoghq.com/beacon-listener.logs: [{"service":"beacon-listener"}]
                    ad.datadoghq.com/tags: {"env": "mars-production", "service": "beacon-listener"}
                    cattle.io/timestamp: 2022-09-07T16:08:19Z
                    sidecar.istio.io/proxyCPULimit: 200m
                    sidecar.istio.io/proxyMemoryLimit: 256Mi
  Service Account:  telemetry-api
  Containers:
   beacon-listener:
    Image:      harbor.mars.iceye.edge/iceye/telemetry/beacon:production_v0.2.3_0ab5e26
    Port:       <none>
    Host Port:  <none>
    Command:
      /app/start.sh
    Limits:
      cpu:     300m
      memory:  1Gi
    Requests:
      cpu:     100m
      memory:  256Mi
    Environment Variables from:
      telemetry-env  ConfigMap  Optional: false
    Environment:
      RTT_DB_HOST:        main-primary.postgres-operator.svc
      BEACON_DB_NAME:     beacon_mars_production
      RTT_DB_USERNAME:    <set to the key 'user' in secret 'beacon-db-credentials'>      Optional: false
      RTT_DB_PASSWORD:    <set to the key 'password' in secret 'beacon-db-credentials'>  Optional: false
      ICEYE_PASSPHRASE:   <set to the key 'passphrase' in secret 'iceye-secret'>         Optional: false
      mars_PASSPHRASE:    <set to the key 'passphrase' in secret 'mars-secret'>          Optional: false
      OFX_PASSPHRASE:     <set to the key 'passphrase' in secret 'ofx-secret'>           Optional: false
    Mounts:               <none>
  Volumes:                <none>
Conditions:
  Type           Status  Reason
  ----           ------  ------
  Progressing    True    NewReplicaSetAvailable
  Available      True    MinimumReplicasAvailable
OldReplicaSets:  <none>
NewReplicaSet:   beacon-listener-8495cbbb94 (1/1 replicas created)
Events:          <none>
